# JRE version: OpenJDK Runtime Environment Temurin-17.0.6+10 (17.0.6+10) (build 17.0.6+10)
# Java VM: OpenJDK 64-Bit Server VM Temurin-17.0.6+10 (17.0.6+10, mixed mode, tiered, compressed oops, compressed class ptrs, parallel gc, windows-amd64)
GC Precious Log:
 CPUs: 4 total, 4 available
 Memory: 6059M
 Large Page Support: Disabled
 NUMA Support: Disabled
 Compressed Oops: Enabled (32-bit)
 Alignments: Space 512K, Generation 512K, Heap 2M
 Heap Min Capacity: 100M
 Heap Initial Capacity: 100M
 Heap Max Capacity: 1G
 Pre-touch: Disabled
 Parallel Workers: 4
Heap:
 PSYoungGen      total 20480K, used 10508K [0x00000000eab00000, 0x00000000ec180000, 0x0000000100000000)
  eden space 17920K, 45% used [0x00000000eab00000,0x00000000eb303008,0x00000000ebc80000)
  from space 2560K, 90% used [0x00000000ebc80000,0x00000000ebec02b0,0x00000000ebf00000)
  to   space 2560K, 0% used [0x00000000ebf00000,0x00000000ebf00000,0x00000000ec180000)
 ParOldGen       total 77824K, used 58032K [0x00000000c0000000, 0x00000000c4c00000, 0x00000000eab00000)
  object space 77824K, 74% used [0x00000000c0000000,0x00000000c38ac140,0x00000000c4c00000)
 Metaspace       used 57361K, committed 58496K, reserved 1105920K
  class space    used 5994K, committed 6528K, reserved 1048576K
GC Heap History (20 events):
Event: 42.620 GC heap before
{Heap before GC invocations=42 (full 2):
 PSYoungGen      total 19456K, used 19328K [0x00000000eab00000, 0x00000000ebf80000, 0x0000000100000000)
  eden space 17920K, 100% used [0x00000000eab00000,0x00000000ebc80000,0x00000000ebc80000)
  from space 1536K, 91% used [0x00000000ebc80000,0x00000000ebde0000,0x00000000ebe00000)
  to   space 1536K, 0% used [0x00000000ebe00000,0x00000000ebe00000,0x00000000ebf80000)
 ParOldGen       total 68608K, used 67473K [0x00000000c0000000, 0x00000000c4300000, 0x00000000eab00000)
  object space 68608K, 98% used [0x00000000c0000000,0x00000000c41e4510,0x00000000c4300000)
 Metaspace       used 56798K, committed 57920K, reserved 1105920K
  class space    used 5944K, committed 6464K, reserved 1048576K
}
Event: 42.625 GC heap after
{Heap after GC invocations=42 (full 2):
 PSYoungGen      total 19456K, used 1109K [0x00000000eab00000, 0x00000000ebf80000, 0x0000000100000000)
  eden space 17920K, 0% used [0x00000000eab00000,0x00000000eab00000,0x00000000ebc80000)
  from space 1536K, 72% used [0x00000000ebe00000,0x00000000ebf15430,0x00000000ebf80000)
  to   space 1536K, 0% used [0x00000000ebc80000,0x00000000ebc80000,0x00000000ebe00000)
 ParOldGen       total 69120K, used 68761K [0x00000000c0000000, 0x00000000c4380000, 0x00000000eab00000)
  object space 69120K, 99% used [0x00000000c0000000,0x00000000c4326510,0x00000000c4380000)
 Metaspace       used 56798K, committed 57920K, reserved 1105920K
  class space    used 5944K, committed 6464K, reserved 1048576K
}
Event: 42.625 GC heap before
{Heap before GC invocations=43 (full 3):
 PSYoungGen      total 19456K, used 1109K [0x00000000eab00000, 0x00000000ebf80000, 0x0000000100000000)
  eden space 17920K, 0% used [0x00000000eab00000,0x00000000eab00000,0x00000000ebc80000)
  from space 1536K, 72% used [0x00000000ebe00000,0x00000000ebf15430,0x00000000ebf80000)
  to   space 1536K, 0% used [0x00000000ebc80000,0x00000000ebc80000,0x00000000ebe00000)
 ParOldGen       total 69120K, used 68761K [0x00000000c0000000, 0x00000000c4380000, 0x00000000eab00000)
  object space 69120K, 99% used [0x00000000c0000000,0x00000000c4326510,0x00000000c4380000)
 Metaspace       used 56798K, committed 57920K, reserved 1105920K
  class space    used 5944K, committed 6464K, reserved 1048576K
}
Event: 42.810 GC heap after
{Heap after GC invocations=43 (full 3):
 PSYoungGen      total 19456K, used 0K [0x00000000eab00000, 0x00000000ebf80000, 0x0000000100000000)
  eden space 17920K, 0% used [0x00000000eab00000,0x00000000eab00000,0x00000000ebc80000)
  from space 1536K, 0% used [0x00000000ebc80000,0x00000000ebc80000,0x00000000ebe00000)
  to   space 1536K, 0% used [0x00000000ebe00000,0x00000000ebe00000,0x00000000ebf80000)
 ParOldGen       total 77824K, used 51308K [0x00000000c0000000, 0x00000000c4c00000, 0x00000000eab00000)
  object space 77824K, 65% used [0x00000000c0000000,0x00000000c321b2b8,0x00000000c4c00000)
 Metaspace       used 56798K, committed 57920K, reserved 1105920K
  class space    used 5944K, committed 6464K, reserved 1048576K
}
Event: 43.368 GC heap before
{Heap before GC invocations=44 (full 3):
 PSYoungGen      total 19456K, used 17920K [0x00000000eab00000, 0x00000000ebf80000, 0x0000000100000000)
  eden space 17920K, 100% used [0x00000000eab00000,0x00000000ebc80000,0x00000000ebc80000)
  from space 1536K, 0% used [0x00000000ebc80000,0x00000000ebc80000,0x00000000ebe00000)
  to   space 1536K, 0% used [0x00000000ebe00000,0x00000000ebe00000,0x00000000ebf80000)
 ParOldGen       total 77824K, used 51312K [0x00000000c0000000, 0x00000000c4c00000, 0x00000000eab00000)
  object space 77824K, 65% used [0x00000000c0000000,0x00000000c321c3c0,0x00000000c4c00000)
 Metaspace       used 57026K, committed 58176K, reserved 1105920K
  class space    used 5972K, committed 6528K, reserved 1048576K
}
Event: 43.371 GC heap after
{Heap after GC invocations=44 (full 3):
 PSYoungGen      total 18944K, used 800K [0x00000000eab00000, 0x00000000ebf00000, 0x0000000100000000)
  eden space 17920K, 0% used [0x00000000eab00000,0x00000000eab00000,0x00000000ebc80000)
  from space 1024K, 78% used [0x00000000ebe00000,0x00000000ebec8000,0x00000000ebf00000)
  to   space 1024K, 0% used [0x00000000ebd00000,0x00000000ebd00000,0x00000000ebe00000)
 ParOldGen       total 77824K, used 51320K [0x00000000c0000000, 0x00000000c4c00000, 0x00000000eab00000)
  object space 77824K, 65% used [0x00000000c0000000,0x00000000c321e3c0,0x00000000c4c00000)
 Metaspace       used 57026K, committed 58176K, reserved 1105920K
  class space    used 5972K, committed 6528K, reserved 1048576K
}
Event: 43.575 GC heap before
{Heap before GC invocations=45 (full 3):
 PSYoungGen      total 18944K, used 18719K [0x00000000eab00000, 0x00000000ebf00000, 0x0000000100000000)
  eden space 17920K, 99% used [0x00000000eab00000,0x00000000ebc7fff8,0x00000000ebc80000)
  from space 1024K, 78% used [0x00000000ebe00000,0x00000000ebec8000,0x00000000ebf00000)
  to   space 1024K, 0% used [0x00000000ebd00000,0x00000000ebd00000,0x00000000ebe00000)
 ParOldGen       total 77824K, used 51320K [0x00000000c0000000, 0x00000000c4c00000, 0x00000000eab00000)
  object space 77824K, 65% used [0x00000000c0000000,0x00000000c321e3c0,0x00000000c4c00000)
 Metaspace       used 57065K, committed 58240K, reserved 1105920K
  class space    used 5973K, committed 6528K, reserved 1048576K
}
Event: 43.579 GC heap after
{Heap after GC invocations=45 (full 3):
 PSYoungGen      total 18944K, used 1020K [0x00000000eab00000, 0x00000000ec280000, 0x0000000100000000)
  eden space 17920K, 0% used [0x00000000eab00000,0x00000000eab00000,0x00000000ebc80000)
  from space 1024K, 99% used [0x00000000ebd00000,0x00000000ebdff0c8,0x00000000ebe00000)
  to   space 3072K, 0% used [0x00000000ebf80000,0x00000000ebf80000,0x00000000ec280000)
 ParOldGen       total 77824K, used 53017K [0x00000000c0000000, 0x00000000c4c00000, 0x00000000eab00000)
  object space 77824K, 68% used [0x00000000c0000000,0x00000000c33c66d8,0x00000000c4c00000)
 Metaspace       used 57065K, committed 58240K, reserved 1105920K
  class space    used 5973K, committed 6528K, reserved 1048576K
}
Event: 43.676 GC heap before
{Heap before GC invocations=46 (full 3):
 PSYoungGen      total 18944K, used 18940K [0x00000000eab00000, 0x00000000ec280000, 0x0000000100000000)
  eden space 17920K, 100% used [0x00000000eab00000,0x00000000ebc80000,0x00000000ebc80000)
  from space 1024K, 99% used [0x00000000ebd00000,0x00000000ebdff0c8,0x00000000ebe00000)
  to   space 3072K, 0% used [0x00000000ebf80000,0x00000000ebf80000,0x00000000ec280000)
 ParOldGen       total 77824K, used 53017K [0x00000000c0000000, 0x00000000c4c00000, 0x00000000eab00000)
  object space 77824K, 68% used [0x00000000c0000000,0x00000000c33c66d8,0x00000000c4c00000)
 Metaspace       used 57072K, committed 58240K, reserved 1105920K
  class space    used 5973K, committed 6528K, reserved 1048576K
}
Event: 43.679 GC heap after
{Heap after GC invocations=46 (full 3):
 PSYoungGen      total 18944K, used 642K [0x00000000eab00000, 0x00000000ec080000, 0x0000000100000000)
  eden space 17920K, 0% used [0x00000000eab00000,0x00000000eab00000,0x00000000ebc80000)
  from space 1024K, 62% used [0x00000000ebf80000,0x00000000ec020ae8,0x00000000ec080000)
  to   space 1536K, 0% used [0x00000000ebd80000,0x00000000ebd80000,0x00000000ebf00000)
 ParOldGen       total 77824K, used 53249K [0x00000000c0000000, 0x00000000c4c00000, 0x00000000eab00000)
  object space 77824K, 68% used [0x00000000c0000000,0x00000000c3400708,0x00000000c4c00000)
 Metaspace       used 57072K, committed 58240K, reserved 1105920K
  class space    used 5973K, committed 6528K, reserved 1048576K
}
Event: 43.866 GC heap before
{Heap before GC invocations=47 (full 3):
 PSYoungGen      total 18944K, used 18562K [0x00000000eab00000, 0x00000000ec080000, 0x0000000100000000)
  eden space 17920K, 100% used [0x00000000eab00000,0x00000000ebc80000,0x00000000ebc80000)
  from space 1024K, 62% used [0x00000000ebf80000,0x00000000ec020ae8,0x00000000ec080000)
  to   space 1536K, 0% used [0x00000000ebd80000,0x00000000ebd80000,0x00000000ebf00000)
 ParOldGen       total 77824K, used 53249K [0x00000000c0000000, 0x00000000c4c00000, 0x00000000eab00000)
  object space 77824K, 68% used [0x00000000c0000000,0x00000000c3400708,0x00000000c4c00000)
 Metaspace       used 57093K, committed 58240K, reserved 1105920K
  class space    used 5974K, committed 6528K, reserved 1048576K
}
Event: 43.868 GC heap after
{Heap after GC invocations=47 (full 3):
 PSYoungGen      total 19456K, used 512K [0x00000000eab00000, 0x00000000ec000000, 0x0000000100000000)
  eden space 17920K, 0% used [0x00000000eab00000,0x00000000eab00000,0x00000000ebc80000)
  from space 1536K, 33% used [0x00000000ebd80000,0x00000000ebe00000,0x00000000ebf00000)
  to   space 1024K, 0% used [0x00000000ebf00000,0x00000000ebf00000,0x00000000ec000000)
 ParOldGen       total 77824K, used 53625K [0x00000000c0000000, 0x00000000c4c00000, 0x00000000eab00000)
  object space 77824K, 68% used [0x00000000c0000000,0x00000000c345e768,0x00000000c4c00000)
 Metaspace       used 57093K, committed 58240K, reserved 1105920K
  class space    used 5974K, committed 6528K, reserved 1048576K
}
Event: 44.038 GC heap before
{Heap before GC invocations=48 (full 3):
 PSYoungGen      total 19456K, used 18432K [0x00000000eab00000, 0x00000000ec000000, 0x0000000100000000)
  eden space 17920K, 100% used [0x00000000eab00000,0x00000000ebc80000,0x00000000ebc80000)
  from space 1536K, 33% used [0x00000000ebd80000,0x00000000ebe00000,0x00000000ebf00000)
  to   space 1024K, 0% used [0x00000000ebf00000,0x00000000ebf00000,0x00000000ec000000)
 ParOldGen       total 77824K, used 53625K [0x00000000c0000000, 0x00000000c4c00000, 0x00000000eab00000)
  object space 77824K, 68% used [0x00000000c0000000,0x00000000c345e768,0x00000000c4c00000)
 Metaspace       used 57106K, committed 58240K, reserved 1105920K
  class space    used 5974K, committed 6528K, reserved 1048576K
}
Event: 44.043 GC heap after
{Heap after GC invocations=48 (full 3):
 PSYoungGen      total 18944K, used 544K [0x00000000eab00000, 0x00000000ec000000, 0x0000000100000000)
  eden space 17920K, 0% used [0x00000000eab00000,0x00000000eab00000,0x00000000ebc80000)
  from space 1024K, 53% used [0x00000000ebf00000,0x00000000ebf88000,0x00000000ec000000)
  to   space 1024K, 0% used [0x00000000ebe00000,0x00000000ebe00000,0x00000000ebf00000)
 ParOldGen       total 77824K, used 54049K [0x00000000c0000000, 0x00000000c4c00000, 0x00000000eab00000)
  object space 77824K, 69% used [0x00000000c0000000,0x00000000c34c8768,0x00000000c4c00000)
 Metaspace       used 57106K, committed 58240K, reserved 1105920K
  class space    used 5974K, committed 6528K, reserved 1048576K
}
Event: 44.673 GC heap before
{Heap before GC invocations=49 (full 3):
 PSYoungGen      total 18944K, used 18464K [0x00000000eab00000, 0x00000000ec000000, 0x0000000100000000)
  eden space 17920K, 100% used [0x00000000eab00000,0x00000000ebc80000,0x00000000ebc80000)
  from space 1024K, 53% used [0x00000000ebf00000,0x00000000ebf88000,0x00000000ec000000)
  to   space 1024K, 0% used [0x00000000ebe00000,0x00000000ebe00000,0x00000000ebf00000)
 ParOldGen       total 77824K, used 54049K [0x00000000c0000000, 0x00000000c4c00000, 0x00000000eab00000)
  object space 77824K, 69% used [0x00000000c0000000,0x00000000c34c8768,0x00000000c4c00000)
 Metaspace       used 57211K, committed 58368K, reserved 1105920K
  class space    used 5983K, committed 6528K, reserved 1048576K
}
Event: 44.675 GC heap after
{Heap after GC invocations=49 (full 3):
 PSYoungGen      total 18944K, used 1015K [0x00000000eab00000, 0x00000000ec380000, 0x0000000100000000)
  eden space 17920K, 0% used [0x00000000eab00000,0x00000000eab00000,0x00000000ebc80000)
  from space 1024K, 99% used [0x00000000ebe00000,0x00000000ebefdc20,0x00000000ebf00000)
  to   space 3584K, 0% used [0x00000000ec000000,0x00000000ec000000,0x00000000ec380000)
 ParOldGen       total 77824K, used 55938K [0x00000000c0000000, 0x00000000c4c00000, 0x00000000eab00000)
  object space 77824K, 71% used [0x00000000c0000000,0x00000000c36a0ac0,0x00000000c4c00000)
 Metaspace       used 57211K, committed 58368K, reserved 1105920K
  class space    used 5983K, committed 6528K, reserved 1048576K
}
Event: 45.087 GC heap before
{Heap before GC invocations=50 (full 3):
 PSYoungGen      total 18944K, used 18935K [0x00000000eab00000, 0x00000000ec380000, 0x0000000100000000)
  eden space 17920K, 100% used [0x00000000eab00000,0x00000000ebc80000,0x00000000ebc80000)
  from space 1024K, 99% used [0x00000000ebe00000,0x00000000ebefdc20,0x00000000ebf00000)
  to   space 3584K, 0% used [0x00000000ec000000,0x00000000ec000000,0x00000000ec380000)
 ParOldGen       total 77824K, used 55938K [0x00000000c0000000, 0x00000000c4c00000, 0x00000000eab00000)
  object space 77824K, 71% used [0x00000000c0000000,0x00000000c36a0ac0,0x00000000c4c00000)
 Metaspace       used 57241K, committed 58368K, reserved 1105920K
  class space    used 5983K, committed 6528K, reserved 1048576K
}
Event: 45.092 GC heap after
{Heap after GC invocations=50 (full 3):
 PSYoungGen      total 20480K, used 2529K [0x00000000eab00000, 0x00000000ec280000, 0x0000000100000000)
  eden space 17920K, 0% used [0x00000000eab00000,0x00000000eab00000,0x00000000ebc80000)
  from space 2560K, 98% used [0x00000000ec000000,0x00000000ec278500,0x00000000ec280000)
  to   space 3072K, 0% used [0x00000000ebc80000,0x00000000ebc80000,0x00000000ebf80000)
 ParOldGen       total 77824K, used 56102K [0x00000000c0000000, 0x00000000c4c00000, 0x00000000eab00000)
  object space 77824K, 72% used [0x00000000c0000000,0x00000000c36c9bc0,0x00000000c4c00000)
 Metaspace       used 57241K, committed 58368K, reserved 1105920K
  class space    used 5983K, committed 6528K, reserved 1048576K
}
Event: 48.753 GC heap before
{Heap before GC invocations=51 (full 3):
 PSYoungGen      total 20480K, used 20449K [0x00000000eab00000, 0x00000000ec280000, 0x0000000100000000)
  eden space 17920K, 100% used [0x00000000eab00000,0x00000000ebc80000,0x00000000ebc80000)
  from space 2560K, 98% used [0x00000000ec000000,0x00000000ec278500,0x00000000ec280000)
  to   space 3072K, 0% used [0x00000000ebc80000,0x00000000ebc80000,0x00000000ebf80000)
 ParOldGen       total 77824K, used 56102K [0x00000000c0000000, 0x00000000c4c00000, 0x00000000eab00000)
  object space 77824K, 72% used [0x00000000c0000000,0x00000000c36c9bc0,0x00000000c4c00000)
 Metaspace       used 57318K, committed 58432K, reserved 1105920K
  class space    used 5988K, committed 6528K, reserved 1048576K
}
Event: 48.757 GC heap after
{Heap after GC invocations=51 (full 3):
 PSYoungGen      total 20480K, used 2304K [0x00000000eab00000, 0x00000000ec180000, 0x0000000100000000)
  eden space 17920K, 0% used [0x00000000eab00000,0x00000000eab00000,0x00000000ebc80000)
  from space 2560K, 90% used [0x00000000ebc80000,0x00000000ebec02b0,0x00000000ebf00000)
  to   space 2560K, 0% used [0x00000000ebf00000,0x00000000ebf00000,0x00000000ec180000)
 ParOldGen       total 77824K, used 58032K [0x00000000c0000000, 0x00000000c4c00000, 0x00000000eab00000)
  object space 77824K, 74% used [0x00000000c0000000,0x00000000c38ac140,0x00000000c4c00000)
 Metaspace       used 57318K, committed 58432K, reserved 1105920K
  class space    used 5988K, committed 6528K, reserved 1048576K
}

